# JRE version: Java(TM) SE Runtime Environment 18.9 (11.0.15+8) (build 11.0.15+8-LTS-149)
# Java VM: Java HotSpot(TM) 64-Bit Server VM 18.9 (11.0.15+8-LTS-149, mixed mode, tiered, compressed oops, g1 gc, windows-amd64)
Heap:
 garbage-first heap   total 236544K, used 112313K [0x0000000741600000, 0x0000000800000000)
  region size 1024K, 27 young (27648K), 7 survivors (7168K)
 Metaspace       used 84827K, capacity 87830K, committed 88068K, reserved 1126400K
  class space    used 10645K, capacity 11855K, committed 11904K, reserved 1048576K
GC Heap History (10 events):
Event: 146.284 GC heap before
{Heap before GC invocations=23 (full 0):
 garbage-first heap   total 236544K, used 184491K [0x0000000741600000, 0x0000000800000000)
  region size 1024K, 138 young (141312K), 7 survivors (7168K)
 Metaspace       used 75999K, capacity 78766K, committed 79108K, reserved 1118208K
  class space    used 9372K, capacity 10513K, committed 10624K, reserved 1048576K
}
Event: 146.315 GC heap after
{Heap after GC invocations=24 (full 0):
 garbage-first heap   total 236544K, used 60654K [0x0000000741600000, 0x0000000800000000)
  region size 1024K, 16 young (16384K), 16 survivors (16384K)
 Metaspace       used 75999K, capacity 78766K, committed 79108K, reserved 1118208K
  class space    used 9372K, capacity 10513K, committed 10624K, reserved 1048576K
}
Event: 146.338 GC heap before
{Heap before GC invocations=24 (full 0):
 garbage-first heap   total 236544K, used 61678K [0x0000000741600000, 0x0000000800000000)
  region size 1024K, 17 young (17408K), 16 survivors (16384K)
 Metaspace       used 76056K, capacity 78830K, committed 79108K, reserved 1118208K
  class space    used 9380K, capacity 10513K, committed 10624K, reserved 1048576K
}
Event: 146.366 GC heap after
{Heap after GC invocations=25 (full 0):
 garbage-first heap   total 236544K, used 58287K [0x0000000741600000, 0x0000000800000000)
  region size 1024K, 2 young (2048K), 2 survivors (2048K)
 Metaspace       used 76056K, capacity 78830K, committed 79108K, reserved 1118208K
  class space    used 9380K, capacity 10513K, committed 10624K, reserved 1048576K
}
Event: 151.581 GC heap before
{Heap before GC invocations=25 (full 0):
 garbage-first heap   total 236544K, used 192431K [0x0000000741600000, 0x0000000800000000)
  region size 1024K, 133 young (136192K), 2 survivors (2048K)
 Metaspace       used 80953K, capacity 83826K, committed 83972K, reserved 1122304K
  class space    used 9944K, capacity 11114K, committed 11136K, reserved 1048576K
}
Event: 151.626 GC heap after
{Heap after GC invocations=26 (full 0):
 garbage-first heap   total 236544K, used 86290K [0x0000000741600000, 0x0000000800000000)
  region size 1024K, 17 young (17408K), 17 survivors (17408K)
 Metaspace       used 80953K, capacity 83826K, committed 83972K, reserved 1122304K
  class space    used 9944K, capacity 11114K, committed 11136K, reserved 1048576K
}
Event: 194.174 GC heap before
{Heap before GC invocations=26 (full 0):
 garbage-first heap   total 236544K, used 179474K [0x0000000741600000, 0x0000000800000000)
  region size 1024K, 108 young (110592K), 17 survivors (17408K)
 Metaspace       used 84689K, capacity 87669K, committed 87812K, reserved 1126400K
  class space    used 10623K, capacity 11832K, committed 11904K, reserved 1048576K
}
Event: 194.213 GC heap after
{Heap after GC invocations=27 (full 0):
 garbage-first heap   total 236544K, used 93530K [0x0000000741600000, 0x0000000800000000)
  region size 1024K, 7 young (7168K), 7 survivors (7168K)
 Metaspace       used 84689K, capacity 87669K, committed 87812K, reserved 1126400K
  class space    used 10623K, capacity 11832K, committed 11904K, reserved 1048576K
}
Event: 4730.827 GC heap before
{Heap before GC invocations=27 (full 0):
 garbage-first heap   total 236544K, used 183642K [0x0000000741600000, 0x0000000800000000)
  region size 1024K, 96 young (98304K), 7 survivors (7168K)
 Metaspace       used 84827K, capacity 87830K, committed 88068K, reserved 1126400K
  class space    used 10645K, capacity 11855K, committed 11904K, reserved 1048576K
}
Event: 4730.842 GC heap after
{Heap after GC invocations=28 (full 0):
 garbage-first heap   total 236544K, used 93881K [0x0000000741600000, 0x0000000800000000)
  region size 1024K, 7 young (7168K), 7 survivors (7168K)
 Metaspace       used 84827K, capacity 87830K, committed 88068K, reserved 1126400K
  class space    used 10645K, capacity 11855K, committed 11904K, reserved 1048576K
}

